<?xml version="1.0" encoding="UTF-8"?>
<!-- Generated by org.testng.reporters.JUnitXMLReporter -->
<testsuite ignored="14" hostname="Ripna_John" failures="0" tests="1" name="Default test" time="2.603" errors="0" timestamp="2024-06-28T15:21:13 IST">
  <testcase classname="RestAssure.DemoRecipes" name="DeleteComment" time="2.545"/>
  <testcase classname="RestAssure.DemoRecipes" name="getRecipesByAMeal" time="0.0">
    <ignored/>
  </testcase> <!-- getRecipesByAMeal -->
  <testcase classname="RestAssure.DemoRecipes" name="getASingleComment" time="0.0">
    <ignored/>
  </testcase> <!-- getASingleComment -->
  <testcase classname="RestAssure.DemoRecipes" name="searchRecipes" time="0.0">
    <ignored/>
  </testcase> <!-- searchRecipes -->
  <testcase classname="RestAssure.DemoRecipes" name="SortRecipes" time="0.0">
    <ignored/>
  </testcase> <!-- SortRecipes -->
  <testcase classname="RestAssure.DemoRecipes" name="LimitandSkipRecipies" time="0.0">
    <ignored/>
  </testcase> <!-- LimitandSkipRecipies -->
  <testcase classname="RestAssure.DemoRecipes" name="GetSingleRecipe" time="0.0">
    <ignored/>
  </testcase> <!-- GetSingleRecipe -->
  <testcase classname="RestAssure.DemoRecipes" name="UpdateComment" time="0.0">
    <ignored/>
  </testcase> <!-- UpdateComment -->
  <testcase classname="RestAssure.DemoRecipes" name="AddNewComment" time="0.0">
    <ignored/>
  </testcase> <!-- AddNewComment -->
  <testcase classname="RestAssure.DemoRecipes" name="getAllComments" time="0.0">
    <ignored/>
  </testcase> <!-- getAllComments -->
  <testcase classname="RestAssure.DemoRecipes" name="getAllRecipesTags" time="0.0">
    <ignored/>
  </testcase> <!-- getAllRecipesTags -->
  <testcase classname="RestAssure.DemoRecipes" name="getAllRecipes" time="0.0">
    <ignored/>
  </testcase> <!-- getAllRecipes -->
  <testcase classname="RestAssure.DemoRecipes" name="LimitandSkipComments" time="0.0">
    <ignored/>
  </testcase> <!-- LimitandSkipComments -->
  <testcase classname="RestAssure.DemoRecipes" name="getAllCommentsByPostID" time="0.0">
    <ignored/>
  </testcase> <!-- getAllCommentsByPostID -->
  <testcase classname="RestAssure.DemoRecipes" name="getARecipeByTag" time="0.0">
    <ignored/>
  </testcase> <!-- getARecipeByTag -->
</testsuite> <!-- Default test -->
