<?xml version="1.0" encoding="UTF-8"?>
<testng-results ignored="14" total="15" passed="1" failed="0" skipped="0">
  <reporter-output>
  </reporter-output>
  <suite started-at="2024-06-28T15:21:10 IST" name="Default suite" finished-at="2024-06-28T15:21:12 IST" duration-ms="2603">
    <groups>
    </groups>
    <test started-at="2024-06-28T15:21:10 IST" name="Default test" finished-at="2024-06-28T15:21:12 IST" duration-ms="2603">
      <class name="RestAssure.DemoRecipes">
        <test-method signature="DeleteComment()[pri:0, instance:RestAssure.DemoRecipes@290222c1]" started-at="2024-06-28T15:21:10 IST" name="DeleteComment" finished-at="2024-06-28T15:21:12 IST" duration-ms="2545" status="PASS">
          <reporter-output>
          </reporter-output>
        </test-method> <!-- DeleteComment -->
      </class> <!-- RestAssure.DemoRecipes -->
    </test> <!-- Default test -->
  </suite> <!-- Default suite -->
</testng-results>
